INFO:lab7.decorators:Function square called
INFO:lab7.decorators:Called with args: (1,), kwargs: {}
INFO:lab7.decorators:Start time: 2024-04-28 21:23:51
INFO:lab7.decorators:Time elapsed: 0.000000
INFO:lab7.decorators:Result: 1
INFO:lab7.decorators:Function square called
INFO:lab7.decorators:Called with args: (2,), kwargs: {}
INFO:lab7.decorators:Start time: 2024-04-28 21:23:51
INFO:lab7.decorators:Time elapsed: 0.000000
INFO:lab7.decorators:Result: 4
INFO:lab7.decorators:Function square called
INFO:lab7.decorators:Called with args: (3,), kwargs: {}
INFO:lab7.decorators:Start time: 2024-04-28 21:23:51
INFO:lab7.decorators:Time elapsed: 0.000000
INFO:lab7.decorators:Result: 9
INFO:lab7.decorators:Function square called
INFO:lab7.decorators:Called with args: (4,), kwargs: {}
INFO:lab7.decorators:Start time: 2024-04-28 21:23:51
INFO:lab7.decorators:Time elapsed: 0.000000
INFO:lab7.decorators:Result: 16
INFO:lab7.decorators:Function square called
INFO:lab7.decorators:Called with args: (5,), kwargs: {}
INFO:lab7.decorators:Start time: 2024-04-28 21:23:51
INFO:lab7.decorators:Time elapsed: 0.000000
INFO:lab7.decorators:Result: 25
INFO:lab7.decorators:Function square called
INFO:lab7.decorators:Called with args: (6,), kwargs: {}
INFO:lab7.decorators:Start time: 2024-04-28 21:23:51
INFO:lab7.decorators:Time elapsed: 0.000000
INFO:lab7.decorators:Result: 36
INFO:lab7.decorators:Function square called
INFO:lab7.decorators:Called with args: (7,), kwargs: {}
INFO:lab7.decorators:Start time: 2024-04-28 21:23:51
INFO:lab7.decorators:Time elapsed: 0.000000
INFO:lab7.decorators:Result: 49
INFO:lab7.decorators:Function square called
INFO:lab7.decorators:Called with args: (8,), kwargs: {}
INFO:lab7.decorators:Start time: 2024-04-28 21:23:51
INFO:lab7.decorators:Time elapsed: 0.000000
INFO:lab7.decorators:Result: 64
INFO:lab7.decorators:Function square called
INFO:lab7.decorators:Called with args: (9,), kwargs: {}
INFO:lab7.decorators:Start time: 2024-04-28 21:23:51
INFO:lab7.decorators:Time elapsed: 0.000000
INFO:lab7.decorators:Result: 81
INFO:lab7.decorators:Function square called
INFO:lab7.decorators:Called with args: (10,), kwargs: {}
INFO:lab7.decorators:Start time: 2024-04-28 21:23:51
INFO:lab7.decorators:Time elapsed: 0.000000
INFO:lab7.decorators:Result: 100
